<?xml version="1.0" encoding="UTF-8"?>
<!-- Generated by org.testng.reporters.JUnitXMLReporter -->
<testsuite hostname="LAPTOP-J8Q24HOB" name="Test" tests="3" failures="0" timestamp="5 Apr 2021 11:39:10 GMT" time="22.544" errors="0">
  <testcase name="tsDfCreationTest" time="11.161" classname="com.apsrtc.test.ApsrtcBusSearchTest"/>
  <testcase name="tsDfCreationTest" time="2.081" classname="com.apsrtc.test.ApsrtcBusSearchTest"/>
  <testcase name="tsDfCreationTest" time="2.065" classname="com.apsrtc.test.ApsrtcBusSearchTest"/>
</testsuite> <!-- Test -->
