<?xml version="1.0" encoding="UTF-8"?>
<testng-results skipped="0" failed="0" total="3" passed="3">
  <reporter-output>
  </reporter-output>
  <suite name="Suite" duration-ms="22544" started-at="2021-04-05T11:38:48Z" finished-at="2021-04-05T11:39:10Z">
    <groups>
    </groups>
    <test name="Test" duration-ms="22544" started-at="2021-04-05T11:38:48Z" finished-at="2021-04-05T11:39:10Z">
      <class name="com.apsrtc.test.ApsrtcBusSearchTest">
        <test-method status="PASS" signature="tsDfCreationTest(java.util.Hashtable)[pri:0, instance:com.apsrtc.test.ApsrtcBusSearchTest@3cc2931c]" name="tsDfCreationTest" duration-ms="11161" started-at="2021-04-05T17:08:48Z" data-provider="getData" finished-at="2021-04-05T17:09:00Z">
          <params>
            <param index="0">
              <value>
                <![CDATA[{FromRoute=NELLORE, ToRoute=HYDERABAD, Runmode=Y}]]>
              </value>
            </param>
          </params>
          <reporter-output>
          </reporter-output>
        </test-method> <!-- tsDfCreationTest -->
        <test-method status="PASS" signature="tsDfCreationTest(java.util.Hashtable)[pri:0, instance:com.apsrtc.test.ApsrtcBusSearchTest@3cc2931c]" name="tsDfCreationTest" duration-ms="2081" started-at="2021-04-05T17:09:00Z" data-provider="getData" finished-at="2021-04-05T17:09:02Z">
          <params>
            <param index="0">
              <value>
                <![CDATA[{FromRoute=NELLORE, ToRoute=BANGALORE, Runmode=Y}]]>
              </value>
            </param>
          </params>
          <reporter-output>
          </reporter-output>
        </test-method> <!-- tsDfCreationTest -->
        <test-method status="PASS" signature="tsDfCreationTest(java.util.Hashtable)[pri:0, instance:com.apsrtc.test.ApsrtcBusSearchTest@3cc2931c]" name="tsDfCreationTest" duration-ms="2065" started-at="2021-04-05T17:09:02Z" data-provider="getData" finished-at="2021-04-05T17:09:04Z">
          <params>
            <param index="0">
              <value>
                <![CDATA[{FromRoute=NELLORE, ToRoute=CHENNAI, Runmode=Y}]]>
              </value>
            </param>
          </params>
          <reporter-output>
          </reporter-output>
        </test-method> <!-- tsDfCreationTest -->
        <test-method status="PASS" signature="tearDown()[pri:0, instance:com.apsrtc.test.ApsrtcBusSearchTest@3cc2931c]" name="tearDown" is-config="true" duration-ms="6726" started-at="2021-04-05T17:09:04Z" finished-at="2021-04-05T17:09:10Z">
          <reporter-output>
          </reporter-output>
        </test-method> <!-- tearDown -->
      </class> <!-- com.apsrtc.test.ApsrtcBusSearchTest -->
    </test> <!-- Test -->
  </suite> <!-- Suite -->
</testng-results>
